2020/08/22 09:15:47 [error] [system.db.CDbCommand] CDbCommand::execute() failed: SQLSTATE[42S01]: Base table or view already exists: 1050 Table 'popups' already exists. The SQL statement executed was: CREATE TABLE `popups` (
	`id` int(11) NOT NULL AUTO_INCREMENT PRIMARY KEY,
	`name` varchar(255),
	`description` text,
	`count_show` int(11),
	`status` tinyint(1)
).
2020/08/22 09:15:47 [error] [exception.CDbException] CDbException: CDbCommand failed to execute the SQL statement: SQLSTATE[42S01]: Base table or view already exists: 1050 Table 'popups' already exists. The SQL statement executed was: CREATE TABLE `popups` (
	`id` int(11) NOT NULL AUTO_INCREMENT PRIMARY KEY,
	`name` varchar(255),
	`description` text,
	`count_show` int(11),
	`status` tinyint(1)
) in D:\locallwebserver\domains\yii\framework\db\CDbCommand.php:358
Stack trace:
#0 D:\locallwebserver\domains\yii\framework\db\CDbCommand.php(1352): CDbCommand->execute()
#1 D:\locallwebserver\domains\yii\framework\db\CDbMigration.php(250): CDbCommand->createTable('popups', Array, NULL)
#2 D:\locallwebserver\domains\yii\protected\migrations\m200822_061441_create_popups_table.php(8): CDbMigration->createTable('popups', Array)
#3 D:\locallwebserver\domains\yii\framework\cli\commands\MigrateCommand.php(415): m200822_061441_create_popups_table->up()
#4 D:\locallwebserver\domains\yii\framework\cli\commands\MigrateCommand.php(109): MigrateCommand->migrateUp('m200822_061441_...')
#5 [internal function]: MigrateCommand->actionUp(Array)
#6 D:\locallwebserver\domains\yii\framework\console\CConsoleCommand.php(178): ReflectionMethod->invokeArgs(Object(MigrateCommand), Array)
#7 D:\locallwebserver\domains\yii\framework\console\CConsoleCommandRunner.php(71): CConsoleCommand->run(Array)
#8 D:\locallwebserver\domains\yii\framework\console\CConsoleApplication.php(92): CConsoleCommandRunner->run(Array)
#9 D:\locallwebserver\domains\yii\framework\base\CApplication.php(185): CConsoleApplication->processRequest()
#10 D:\locallwebserver\domains\yii\framework\yiic.php(33): CApplication->run()
#11 D:\locallwebserver\domains\yii\protected\yiic.php(7): require_once('D:\\locallwebser...')
#12 D:\locallwebserver\domains\yii\protected\yiic(4): require_once('D:\\locallwebser...')
#13 {main}
---
2020/08/22 09:47:10 [error] [exception.CHttpException.404] CHttpException: Невозможно обработать запрос "page". in D:\locallwebserver\domains\yii\framework\web\CWebApplication.php:286
Stack trace:
#0 D:\locallwebserver\domains\yii\framework\web\CWebApplication.php(141): CWebApplication->runController('page')
#1 D:\locallwebserver\domains\yii\framework\base\CApplication.php(185): CWebApplication->processRequest()
#2 D:\locallwebserver\domains\yii\index.php(13): CApplication->run()
#3 {main}
REQUEST_URI=/index.php?r=page
---
2020/08/22 10:17:20 [warning] [system.web.CHttpSession] Не удалось запустить сессию.
in D:\locallwebserver\domains\yii\protected\views\layouts\main.php (35)
in D:\locallwebserver\domains\yii\protected\views\layouts\column1.php (6)
in D:\locallwebserver\domains\yii\protected\controllers\SiteController.php (34)
2020/08/22 10:17:20 [warning] [system.web.CHttpSession] Не удалось запустить сессию.
in D:\locallwebserver\domains\yii\protected\views\layouts\main.php (35)
in D:\locallwebserver\domains\yii\protected\views\layouts\column1.php (6)
in D:\locallwebserver\domains\yii\protected\controllers\SiteController.php (34)
2020/08/22 10:17:22 [warning] [system.web.CHttpSession] Не удалось запустить сессию.
in D:\locallwebserver\domains\yii\protected\views\layouts\main.php (35)
in D:\locallwebserver\domains\yii\protected\views\layouts\column1.php (6)
in D:\locallwebserver\domains\yii\protected\controllers\SiteController.php (34)
2020/08/22 10:17:22 [warning] [system.web.CHttpSession] Не удалось запустить сессию.
in D:\locallwebserver\domains\yii\protected\views\layouts\main.php (35)
in D:\locallwebserver\domains\yii\protected\views\layouts\column1.php (6)
in D:\locallwebserver\domains\yii\protected\controllers\SiteController.php (34)
2020/08/22 10:49:49 [warning] [application] Не удалось присвоить небезопасный атрибут "id" класса "Popups".
in D:\locallwebserver\domains\yii\protected\controllers\PopupsController.php (140)
in D:\locallwebserver\domains\yii\index.php (13)
2020/08/22 10:49:53 [warning] [application] Не удалось присвоить небезопасный атрибут "id" класса "Popups".
in D:\locallwebserver\domains\yii\protected\controllers\PopupsController.php (140)
in D:\locallwebserver\domains\yii\index.php (13)
2020/08/23 09:57:40 [error] [exception.CHttpException.400] CHttpException: Некорректный запрос. in D:\locallwebserver\domains\yii\framework\web\CController.php:337
Stack trace:
#0 D:\locallwebserver\domains\yii\framework\web\CController.php(309): CController->invalidActionParams(Object(CInlineAction))
#1 D:\locallwebserver\domains\yii\framework\web\filters\CFilterChain.php(134): CController->runAction(Object(CInlineAction))
#2 D:\locallwebserver\domains\yii\framework\web\filters\CFilter.php(40): CFilterChain->run()
#3 D:\locallwebserver\domains\yii\framework\web\CController.php(1148): CFilter->filter(Object(CFilterChain))
#4 D:\locallwebserver\domains\yii\framework\web\filters\CInlineFilter.php(58): CController->filterAccessControl(Object(CFilterChain))
#5 D:\locallwebserver\domains\yii\framework\web\filters\CFilterChain.php(131): CInlineFilter->filter(Object(CFilterChain))
#6 D:\locallwebserver\domains\yii\framework\web\CController.php(291): CFilterChain->run()
#7 D:\locallwebserver\domains\yii\framework\web\CController.php(265): CController->runActionWithFilters(Object(CInlineAction), Array)
#8 D:\locallwebserver\domains\yii\framework\web\CWebApplication.php(282): CController->run('update')
#9 D:\locallwebserver\domains\yii\framework\web\CWebApplication.php(141): CWebApplication->runController('popups/update')
#10 D:\locallwebserver\domains\yii\framework\base\CApplication.php(185): CWebApplication->processRequest()
#11 D:\locallwebserver\domains\yii\index.php(13): CApplication->run()
#12 {main}
REQUEST_URI=/index.php/?r=popups/update
---
2020/08/23 09:57:47 [error] [exception.CHttpException.404] CHttpException: Системе не удалось найти запрашиваемое действие "update=1". in D:\locallwebserver\domains\yii\framework\web\CController.php:486
Stack trace:
#0 D:\locallwebserver\domains\yii\framework\web\CController.php(270): CController->missingAction('update=1')
#1 D:\locallwebserver\domains\yii\framework\web\CWebApplication.php(282): CController->run('update=1')
#2 D:\locallwebserver\domains\yii\framework\web\CWebApplication.php(141): CWebApplication->runController('popups/update=1')
#3 D:\locallwebserver\domains\yii\framework\base\CApplication.php(185): CWebApplication->processRequest()
#4 D:\locallwebserver\domains\yii\index.php(13): CApplication->run()
#5 {main}
REQUEST_URI=/index.php/?r=popups/update=1
---
2020/08/23 10:55:09 [error] [exception.CException] CException: Свойство "dataProvider" не может быть пустым. in D:\locallwebserver\domains\yii\framework\zii\widgets\CBaseListView.php:123
Stack trace:
#0 D:\locallwebserver\domains\yii\framework\zii\widgets\CListView.php(211): CBaseListView->init()
#1 D:\locallwebserver\domains\yii\framework\web\CBaseController.php(147): CListView->init()
#2 D:\locallwebserver\domains\yii\framework\web\CBaseController.php(181): CBaseController->createWidget('zii.widgets.CLi...', Array)
#3 D:\locallwebserver\domains\yii\protected\views\site\index.php(16): CBaseController->widget('zii.widgets.CLi...', Array)
#4 D:\locallwebserver\domains\yii\framework\web\CBaseController.php(126): require('D:\\locallwebser...')
#5 D:\locallwebserver\domains\yii\framework\web\CBaseController.php(95): CBaseController->renderInternal('D:\\locallwebser...', NULL, true)
#6 D:\locallwebserver\domains\yii\framework\web\CController.php(872): CBaseController->renderFile('D:\\locallwebser...', NULL, true)
#7 D:\locallwebserver\domains\yii\framework\web\CController.php(785): CController->renderPartial('index', NULL, true)
#8 D:\locallwebserver\domains\yii\protected\controllers\SiteController.php(33): CController->render('index')
#9 D:\locallwebserver\domains\yii\framework\web\actions\CInlineAction.php(49): SiteController->actionIndex()
#10 D:\locallwebserver\domains\yii\framework\web\CController.php(308): CInlineAction->runWithParams(Array)
#11 D:\locallwebserver\domains\yii\framework\web\CController.php(286): CController->runAction(Object(CInlineAction))
#12 D:\locallwebserver\domains\yii\framework\web\CController.php(265): CController->runActionWithFilters(Object(CInlineAction), Array)
#13 D:\locallwebserver\domains\yii\framework\web\CWebApplication.php(282): CController->run('index')
#14 D:\locallwebserver\domains\yii\framework\web\CWebApplication.php(141): CWebApplication->runController('site/index')
#15 D:\locallwebserver\domains\yii\framework\base\CApplication.php(185): CWebApplication->processRequest()
#16 D:\locallwebserver\domains\yii\index.php(13): CApplication->run()
#17 {main}
REQUEST_URI=/index.php?r=site/index
HTTP_REFERER=http://yii/index.php?r=site/page&view=about
---
2020/08/23 11:02:23 [error] [php] require(): Filename cannot be empty (D:\locallwebserver\domains\yii\framework\web\CBaseController.php:130)
Stack trace:
#0 D:\locallwebserver\domains\yii\framework\zii\widgets\CListView.php(291): SiteController->renderFile()
#1 D:\locallwebserver\domains\yii\framework\zii\widgets\CBaseListView.php(181): CListView->renderItems()
#2 unknown(0): CListView->renderSection()
#3 D:\locallwebserver\domains\yii\framework\zii\widgets\CBaseListView.php(164): preg_replace_callback()
#4 D:\locallwebserver\domains\yii\framework\zii\widgets\CBaseListView.php(149): CListView->renderContent()
#5 D:\locallwebserver\domains\yii\framework\web\CBaseController.php(182): CListView->run()
#6 D:\locallwebserver\domains\yii\protected\views\site\index.php(16): SiteController->widget()
#7 D:\locallwebserver\domains\yii\framework\web\CBaseController.php(126): require()
#8 D:\locallwebserver\domains\yii\framework\web\CBaseController.php(95): SiteController->renderInternal()
#9 D:\locallwebserver\domains\yii\framework\web\CController.php(872): SiteController->renderFile()
#10 D:\locallwebserver\domains\yii\framework\web\CController.php(785): SiteController->renderPartial()
#11 D:\locallwebserver\domains\yii\protected\controllers\SiteController.php(33): SiteController->render()
#12 D:\locallwebserver\domains\yii\framework\web\actions\CInlineAction.php(49): SiteController->actionIndex()
#13 D:\locallwebserver\domains\yii\framework\web\CController.php(308): CInlineAction->runWithParams()
#14 D:\locallwebserver\domains\yii\framework\web\CController.php(286): SiteController->runAction()
#15 D:\locallwebserver\domains\yii\framework\web\CController.php(265): SiteController->runActionWithFilters()
#16 D:\locallwebserver\domains\yii\framework\web\CWebApplication.php(282): SiteController->run()
#17 D:\locallwebserver\domains\yii\framework\web\CWebApplication.php(141): CWebApplication->runController()
#18 D:\locallwebserver\domains\yii\framework\base\CApplication.php(185): CWebApplication->processRequest()
#19 D:\locallwebserver\domains\yii\index.php(13): CWebApplication->run()
REQUEST_URI=/index.php?r=site/index
in D:\locallwebserver\domains\yii\protected\views\site\index.php (16)
in D:\locallwebserver\domains\yii\protected\controllers\SiteController.php (33)
in D:\locallwebserver\domains\yii\index.php (13)
2020/08/23 11:09:57 [error] [exception.ParseError] ParseError: syntax error, unexpected ',' in D:\locallwebserver\domains\yii\protected\controllers\SiteController.php:34
Stack trace:
#0 D:\locallwebserver\domains\yii\framework\web\CWebApplication.php(276): CWebApplication->createController('index/')
#1 D:\locallwebserver\domains\yii\framework\web\CWebApplication.php(141): CWebApplication->runController('site/index')
#2 D:\locallwebserver\domains\yii\framework\base\CApplication.php(185): CWebApplication->processRequest()
#3 D:\locallwebserver\domains\yii\index.php(13): CApplication->run()
#4 {main}
REQUEST_URI=/index.php?r=site/index
HTTP_REFERER=http://yii/index.php?r=site/page&view=about
---
2020/08/23 11:10:27 [error] [exception.ParseError] ParseError: syntax error, unexpected ',' in D:\locallwebserver\domains\yii\protected\controllers\SiteController.php:34
Stack trace:
#0 D:\locallwebserver\domains\yii\framework\web\CWebApplication.php(276): CWebApplication->createController('index/')
#1 D:\locallwebserver\domains\yii\framework\web\CWebApplication.php(141): CWebApplication->runController('site/index')
#2 D:\locallwebserver\domains\yii\framework\base\CApplication.php(185): CWebApplication->processRequest()
#3 D:\locallwebserver\domains\yii\index.php(13): CApplication->run()
#4 {main}
REQUEST_URI=/index.php?r=site/index
HTTP_REFERER=http://yii/index.php?r=site/page&view=about
---
2020/08/23 11:10:27 [error] [exception.ParseError] ParseError: syntax error, unexpected ',' in D:\locallwebserver\domains\yii\protected\controllers\SiteController.php:34
Stack trace:
#0 D:\locallwebserver\domains\yii\framework\web\CWebApplication.php(276): CWebApplication->createController('index/')
#1 D:\locallwebserver\domains\yii\framework\web\CWebApplication.php(141): CWebApplication->runController('site/index')
#2 D:\locallwebserver\domains\yii\framework\base\CApplication.php(185): CWebApplication->processRequest()
#3 D:\locallwebserver\domains\yii\index.php(13): CApplication->run()
#4 {main}
REQUEST_URI=/index.php?r=site/index
HTTP_REFERER=http://yii/index.php?r=site/page&view=about
---
2020/08/23 11:11:44 [error] [exception.ParseError] ParseError: syntax error, unexpected ',' in D:\locallwebserver\domains\yii\protected\controllers\SiteController.php:34
Stack trace:
#0 D:\locallwebserver\domains\yii\framework\web\CWebApplication.php(276): CWebApplication->createController('index/')
#1 D:\locallwebserver\domains\yii\framework\web\CWebApplication.php(141): CWebApplication->runController('site/index')
#2 D:\locallwebserver\domains\yii\framework\base\CApplication.php(185): CWebApplication->processRequest()
#3 D:\locallwebserver\domains\yii\index.php(13): CApplication->run()
#4 {main}
REQUEST_URI=/index.php?r=site/index
HTTP_REFERER=http://yii/index.php?r=site/page&view=about
---
2020/08/23 11:11:45 [error] [exception.ParseError] ParseError: syntax error, unexpected ',' in D:\locallwebserver\domains\yii\protected\controllers\SiteController.php:34
Stack trace:
#0 D:\locallwebserver\domains\yii\framework\web\CWebApplication.php(276): CWebApplication->createController('index/')
#1 D:\locallwebserver\domains\yii\framework\web\CWebApplication.php(141): CWebApplication->runController('site/index')
#2 D:\locallwebserver\domains\yii\framework\base\CApplication.php(185): CWebApplication->processRequest()
#3 D:\locallwebserver\domains\yii\index.php(13): CApplication->run()
#4 {main}
REQUEST_URI=/index.php?r=site/index
HTTP_REFERER=http://yii/index.php?r=site/page&view=about
---
2020/08/23 11:14:26 [error] [exception.ParseError] ParseError: syntax error, unexpected ',' in D:\locallwebserver\domains\yii\protected\controllers\SiteController.php:34
Stack trace:
#0 D:\locallwebserver\domains\yii\framework\web\CWebApplication.php(276): CWebApplication->createController('index/')
#1 D:\locallwebserver\domains\yii\framework\web\CWebApplication.php(141): CWebApplication->runController('site/index')
#2 D:\locallwebserver\domains\yii\framework\base\CApplication.php(185): CWebApplication->processRequest()
#3 D:\locallwebserver\domains\yii\index.php(13): CApplication->run()
#4 {main}
REQUEST_URI=/index.php?r=site/index
HTTP_REFERER=http://yii/index.php?r=site/page&view=about
---
2020/08/23 11:14:29 [error] [php] require(): Filename cannot be empty (D:\locallwebserver\domains\yii\framework\web\CBaseController.php:130)
Stack trace:
#0 D:\locallwebserver\domains\yii\framework\zii\widgets\CListView.php(291): SiteController->renderFile()
#1 D:\locallwebserver\domains\yii\framework\zii\widgets\CBaseListView.php(181): CListView->renderItems()
#2 unknown(0): CListView->renderSection()
#3 D:\locallwebserver\domains\yii\framework\zii\widgets\CBaseListView.php(164): preg_replace_callback()
#4 D:\locallwebserver\domains\yii\framework\zii\widgets\CBaseListView.php(149): CListView->renderContent()
#5 D:\locallwebserver\domains\yii\framework\web\CBaseController.php(182): CListView->run()
#6 D:\locallwebserver\domains\yii\protected\views\site\index.php(16): SiteController->widget()
#7 D:\locallwebserver\domains\yii\framework\web\CBaseController.php(126): require()
#8 D:\locallwebserver\domains\yii\framework\web\CBaseController.php(95): SiteController->renderInternal()
#9 D:\locallwebserver\domains\yii\framework\web\CController.php(872): SiteController->renderFile()
#10 D:\locallwebserver\domains\yii\framework\web\CController.php(785): SiteController->renderPartial()
#11 D:\locallwebserver\domains\yii\protected\controllers\SiteController.php(33): SiteController->render()
#12 D:\locallwebserver\domains\yii\framework\web\actions\CInlineAction.php(49): SiteController->actionIndex()
#13 D:\locallwebserver\domains\yii\framework\web\CController.php(308): CInlineAction->runWithParams()
#14 D:\locallwebserver\domains\yii\framework\web\CController.php(286): SiteController->runAction()
#15 D:\locallwebserver\domains\yii\framework\web\CController.php(265): SiteController->runActionWithFilters()
#16 D:\locallwebserver\domains\yii\framework\web\CWebApplication.php(282): SiteController->run()
#17 D:\locallwebserver\domains\yii\framework\web\CWebApplication.php(141): CWebApplication->runController()
#18 D:\locallwebserver\domains\yii\framework\base\CApplication.php(185): CWebApplication->processRequest()
#19 D:\locallwebserver\domains\yii\index.php(13): CWebApplication->run()
REQUEST_URI=/index.php?r=site/index
in D:\locallwebserver\domains\yii\protected\views\site\index.php (16)
in D:\locallwebserver\domains\yii\protected\controllers\SiteController.php (33)
in D:\locallwebserver\domains\yii\index.php (13)
2020/08/23 11:15:04 [error] [exception.CHttpException.404] CHttpException: Невозможно обработать запрос "popup/index". in D:\locallwebserver\domains\yii\framework\web\CWebApplication.php:286
Stack trace:
#0 D:\locallwebserver\domains\yii\framework\web\CWebApplication.php(141): CWebApplication->runController('popup/index')
#1 D:\locallwebserver\domains\yii\framework\base\CApplication.php(185): CWebApplication->processRequest()
#2 D:\locallwebserver\domains\yii\index.php(13): CApplication->run()
#3 {main}
REQUEST_URI=/index.php?r=popup/index
---
2020/08/23 11:15:31 [error] [php] require(): Filename cannot be empty (D:\locallwebserver\domains\yii\framework\web\CBaseController.php:130)
Stack trace:
#0 D:\locallwebserver\domains\yii\framework\zii\widgets\CListView.php(291): SiteController->renderFile()
#1 D:\locallwebserver\domains\yii\framework\zii\widgets\CBaseListView.php(181): CListView->renderItems()
#2 unknown(0): CListView->renderSection()
#3 D:\locallwebserver\domains\yii\framework\zii\widgets\CBaseListView.php(164): preg_replace_callback()
#4 D:\locallwebserver\domains\yii\framework\zii\widgets\CBaseListView.php(149): CListView->renderContent()
#5 D:\locallwebserver\domains\yii\framework\web\CBaseController.php(182): CListView->run()
#6 D:\locallwebserver\domains\yii\protected\views\site\index.php(16): SiteController->widget()
#7 D:\locallwebserver\domains\yii\framework\web\CBaseController.php(126): require()
#8 D:\locallwebserver\domains\yii\framework\web\CBaseController.php(95): SiteController->renderInternal()
#9 D:\locallwebserver\domains\yii\framework\web\CController.php(872): SiteController->renderFile()
#10 D:\locallwebserver\domains\yii\framework\web\CController.php(785): SiteController->renderPartial()
#11 D:\locallwebserver\domains\yii\protected\controllers\SiteController.php(33): SiteController->render()
#12 D:\locallwebserver\domains\yii\framework\web\actions\CInlineAction.php(49): SiteController->actionIndex()
#13 D:\locallwebserver\domains\yii\framework\web\CController.php(308): CInlineAction->runWithParams()
#14 D:\locallwebserver\domains\yii\framework\web\CController.php(286): SiteController->runAction()
#15 D:\locallwebserver\domains\yii\framework\web\CController.php(265): SiteController->runActionWithFilters()
#16 D:\locallwebserver\domains\yii\framework\web\CWebApplication.php(282): SiteController->run()
#17 D:\locallwebserver\domains\yii\framework\web\CWebApplication.php(141): CWebApplication->runController()
#18 D:\locallwebserver\domains\yii\framework\base\CApplication.php(185): CWebApplication->processRequest()
#19 D:\locallwebserver\domains\yii\index.php(13): CWebApplication->run()
REQUEST_URI=/index.php?r=site/index
in D:\locallwebserver\domains\yii\protected\views\site\index.php (16)
in D:\locallwebserver\domains\yii\protected\controllers\SiteController.php (33)
in D:\locallwebserver\domains\yii\index.php (13)
2020/08/23 11:16:10 [error] [php] require(): Filename cannot be empty (D:\locallwebserver\domains\yii\framework\web\CBaseController.php:130)
Stack trace:
#0 D:\locallwebserver\domains\yii\framework\zii\widgets\CListView.php(291): SiteController->renderFile()
#1 D:\locallwebserver\domains\yii\framework\zii\widgets\CBaseListView.php(181): CListView->renderItems()
#2 unknown(0): CListView->renderSection()
#3 D:\locallwebserver\domains\yii\framework\zii\widgets\CBaseListView.php(164): preg_replace_callback()
#4 D:\locallwebserver\domains\yii\framework\zii\widgets\CBaseListView.php(149): CListView->renderContent()
#5 D:\locallwebserver\domains\yii\framework\web\CBaseController.php(182): CListView->run()
#6 D:\locallwebserver\domains\yii\protected\views\site\index.php(16): SiteController->widget()
#7 D:\locallwebserver\domains\yii\framework\web\CBaseController.php(126): require()
#8 D:\locallwebserver\domains\yii\framework\web\CBaseController.php(95): SiteController->renderInternal()
#9 D:\locallwebserver\domains\yii\framework\web\CController.php(872): SiteController->renderFile()
#10 D:\locallwebserver\domains\yii\framework\web\CController.php(785): SiteController->renderPartial()
#11 D:\locallwebserver\domains\yii\protected\controllers\SiteController.php(33): SiteController->render()
#12 D:\locallwebserver\domains\yii\framework\web\actions\CInlineAction.php(49): SiteController->actionIndex()
#13 D:\locallwebserver\domains\yii\framework\web\CController.php(308): CInlineAction->runWithParams()
#14 D:\locallwebserver\domains\yii\framework\web\CController.php(286): SiteController->runAction()
#15 D:\locallwebserver\domains\yii\framework\web\CController.php(265): SiteController->runActionWithFilters()
#16 D:\locallwebserver\domains\yii\framework\web\CWebApplication.php(282): SiteController->run()
#17 D:\locallwebserver\domains\yii\framework\web\CWebApplication.php(141): CWebApplication->runController()
#18 D:\locallwebserver\domains\yii\framework\base\CApplication.php(185): CWebApplication->processRequest()
#19 D:\locallwebserver\domains\yii\index.php(13): CWebApplication->run()
REQUEST_URI=/index.php
in D:\locallwebserver\domains\yii\protected\views\site\index.php (16)
in D:\locallwebserver\domains\yii\protected\controllers\SiteController.php (33)
in D:\locallwebserver\domains\yii\index.php (13)
2020/08/23 11:18:54 [error] [exception.CException] CException: Свойство "dataProvider" не может быть пустым. in D:\locallwebserver\domains\yii\framework\zii\widgets\CBaseListView.php:123
Stack trace:
#0 D:\locallwebserver\domains\yii\framework\zii\widgets\CListView.php(211): CBaseListView->init()
#1 D:\locallwebserver\domains\yii\framework\web\CBaseController.php(147): CListView->init()
#2 D:\locallwebserver\domains\yii\framework\web\CBaseController.php(181): CBaseController->createWidget('zii.widgets.CLi...', Array)
#3 D:\locallwebserver\domains\yii\protected\views\site\index.php(16): CBaseController->widget('zii.widgets.CLi...', Array)
#4 D:\locallwebserver\domains\yii\framework\web\CBaseController.php(126): require('D:\\locallwebser...')
#5 D:\locallwebserver\domains\yii\framework\web\CBaseController.php(95): CBaseController->renderInternal('D:\\locallwebser...', NULL, true)
#6 D:\locallwebserver\domains\yii\framework\web\CController.php(872): CBaseController->renderFile('D:\\locallwebser...', NULL, true)
#7 D:\locallwebserver\domains\yii\framework\web\CController.php(785): CController->renderPartial('index', NULL, true)
#8 D:\locallwebserver\domains\yii\protected\controllers\SiteController.php(37): CController->render('index', NULL)
#9 D:\locallwebserver\domains\yii\framework\web\actions\CInlineAction.php(49): SiteController->actionIndex()
#10 D:\locallwebserver\domains\yii\framework\web\CController.php(308): CInlineAction->runWithParams(Array)
#11 D:\locallwebserver\domains\yii\framework\web\CController.php(286): CController->runAction(Object(CInlineAction))
#12 D:\locallwebserver\domains\yii\framework\web\CController.php(265): CController->runActionWithFilters(Object(CInlineAction), Array)
#13 D:\locallwebserver\domains\yii\framework\web\CWebApplication.php(282): CController->run('')
#14 D:\locallwebserver\domains\yii\framework\web\CWebApplication.php(141): CWebApplication->runController('')
#15 D:\locallwebserver\domains\yii\framework\base\CApplication.php(185): CWebApplication->processRequest()
#16 D:\locallwebserver\domains\yii\index.php(13): CApplication->run()
#17 {main}
REQUEST_URI=/index.php
HTTP_REFERER=http://yii/index.php?r=popups/index
---
2020/08/23 11:19:42 [error] [exception.CException] CException: Свойство "dataProvider" не может быть пустым. in D:\locallwebserver\domains\yii\framework\zii\widgets\CBaseListView.php:123
Stack trace:
#0 D:\locallwebserver\domains\yii\framework\zii\widgets\CListView.php(211): CBaseListView->init()
#1 D:\locallwebserver\domains\yii\framework\web\CBaseController.php(147): CListView->init()
#2 D:\locallwebserver\domains\yii\framework\web\CBaseController.php(181): CBaseController->createWidget('zii.widgets.CLi...', Array)
#3 D:\locallwebserver\domains\yii\protected\views\site\index.php(16): CBaseController->widget('zii.widgets.CLi...', Array)
#4 D:\locallwebserver\domains\yii\framework\web\CBaseController.php(126): require('D:\\locallwebser...')
#5 D:\locallwebserver\domains\yii\framework\web\CBaseController.php(95): CBaseController->renderInternal('D:\\locallwebser...', NULL, true)
#6 D:\locallwebserver\domains\yii\framework\web\CController.php(872): CBaseController->renderFile('D:\\locallwebser...', NULL, true)
#7 D:\locallwebserver\domains\yii\framework\web\CController.php(785): CController->renderPartial('index', NULL, true)
#8 D:\locallwebserver\domains\yii\protected\controllers\SiteController.php(37): CController->render('index')
#9 D:\locallwebserver\domains\yii\framework\web\actions\CInlineAction.php(49): SiteController->actionIndex()
#10 D:\locallwebserver\domains\yii\framework\web\CController.php(308): CInlineAction->runWithParams(Array)
#11 D:\locallwebserver\domains\yii\framework\web\CController.php(286): CController->runAction(Object(CInlineAction))
#12 D:\locallwebserver\domains\yii\framework\web\CController.php(265): CController->runActionWithFilters(Object(CInlineAction), Array)
#13 D:\locallwebserver\domains\yii\framework\web\CWebApplication.php(282): CController->run('')
#14 D:\locallwebserver\domains\yii\framework\web\CWebApplication.php(141): CWebApplication->runController('')
#15 D:\locallwebserver\domains\yii\framework\base\CApplication.php(185): CWebApplication->processRequest()
#16 D:\locallwebserver\domains\yii\index.php(13): CApplication->run()
#17 {main}
REQUEST_URI=/index.php
HTTP_REFERER=http://yii/index.php?r=popups/index
---
2020/08/23 11:19:43 [error] [exception.CException] CException: Свойство "dataProvider" не может быть пустым. in D:\locallwebserver\domains\yii\framework\zii\widgets\CBaseListView.php:123
Stack trace:
#0 D:\locallwebserver\domains\yii\framework\zii\widgets\CListView.php(211): CBaseListView->init()
#1 D:\locallwebserver\domains\yii\framework\web\CBaseController.php(147): CListView->init()
#2 D:\locallwebserver\domains\yii\framework\web\CBaseController.php(181): CBaseController->createWidget('zii.widgets.CLi...', Array)
#3 D:\locallwebserver\domains\yii\protected\views\site\index.php(16): CBaseController->widget('zii.widgets.CLi...', Array)
#4 D:\locallwebserver\domains\yii\framework\web\CBaseController.php(126): require('D:\\locallwebser...')
#5 D:\locallwebserver\domains\yii\framework\web\CBaseController.php(95): CBaseController->renderInternal('D:\\locallwebser...', NULL, true)
#6 D:\locallwebserver\domains\yii\framework\web\CController.php(872): CBaseController->renderFile('D:\\locallwebser...', NULL, true)
#7 D:\locallwebserver\domains\yii\framework\web\CController.php(785): CController->renderPartial('index', NULL, true)
#8 D:\locallwebserver\domains\yii\protected\controllers\SiteController.php(37): CController->render('index')
#9 D:\locallwebserver\domains\yii\framework\web\actions\CInlineAction.php(49): SiteController->actionIndex()
#10 D:\locallwebserver\domains\yii\framework\web\CController.php(308): CInlineAction->runWithParams(Array)
#11 D:\locallwebserver\domains\yii\framework\web\CController.php(286): CController->runAction(Object(CInlineAction))
#12 D:\locallwebserver\domains\yii\framework\web\CController.php(265): CController->runActionWithFilters(Object(CInlineAction), Array)
#13 D:\locallwebserver\domains\yii\framework\web\CWebApplication.php(282): CController->run('')
#14 D:\locallwebserver\domains\yii\framework\web\CWebApplication.php(141): CWebApplication->runController('')
#15 D:\locallwebserver\domains\yii\framework\base\CApplication.php(185): CWebApplication->processRequest()
#16 D:\locallwebserver\domains\yii\index.php(13): CApplication->run()
#17 {main}
REQUEST_URI=/index.php
HTTP_REFERER=http://yii/index.php?r=popups/index
---
2020/08/23 11:19:44 [error] [exception.CException] CException: Свойство "dataProvider" не может быть пустым. in D:\locallwebserver\domains\yii\framework\zii\widgets\CBaseListView.php:123
Stack trace:
#0 D:\locallwebserver\domains\yii\framework\zii\widgets\CListView.php(211): CBaseListView->init()
#1 D:\locallwebserver\domains\yii\framework\web\CBaseController.php(147): CListView->init()
#2 D:\locallwebserver\domains\yii\framework\web\CBaseController.php(181): CBaseController->createWidget('zii.widgets.CLi...', Array)
#3 D:\locallwebserver\domains\yii\protected\views\site\index.php(16): CBaseController->widget('zii.widgets.CLi...', Array)
#4 D:\locallwebserver\domains\yii\framework\web\CBaseController.php(126): require('D:\\locallwebser...')
#5 D:\locallwebserver\domains\yii\framework\web\CBaseController.php(95): CBaseController->renderInternal('D:\\locallwebser...', NULL, true)
#6 D:\locallwebserver\domains\yii\framework\web\CController.php(872): CBaseController->renderFile('D:\\locallwebser...', NULL, true)
#7 D:\locallwebserver\domains\yii\framework\web\CController.php(785): CController->renderPartial('index', NULL, true)
#8 D:\locallwebserver\domains\yii\protected\controllers\SiteController.php(37): CController->render('index')
#9 D:\locallwebserver\domains\yii\framework\web\actions\CInlineAction.php(49): SiteController->actionIndex()
#10 D:\locallwebserver\domains\yii\framework\web\CController.php(308): CInlineAction->runWithParams(Array)
#11 D:\locallwebserver\domains\yii\framework\web\CController.php(286): CController->runAction(Object(CInlineAction))
#12 D:\locallwebserver\domains\yii\framework\web\CController.php(265): CController->runActionWithFilters(Object(CInlineAction), Array)
#13 D:\locallwebserver\domains\yii\framework\web\CWebApplication.php(282): CController->run('')
#14 D:\locallwebserver\domains\yii\framework\web\CWebApplication.php(141): CWebApplication->runController('')
#15 D:\locallwebserver\domains\yii\framework\base\CApplication.php(185): CWebApplication->processRequest()
#16 D:\locallwebserver\domains\yii\index.php(13): CApplication->run()
#17 {main}
REQUEST_URI=/index.php
HTTP_REFERER=http://yii/index.php?r=popups/index
---
2020/08/23 11:19:44 [error] [exception.CException] CException: Свойство "dataProvider" не может быть пустым. in D:\locallwebserver\domains\yii\framework\zii\widgets\CBaseListView.php:123
Stack trace:
#0 D:\locallwebserver\domains\yii\framework\zii\widgets\CListView.php(211): CBaseListView->init()
#1 D:\locallwebserver\domains\yii\framework\web\CBaseController.php(147): CListView->init()
#2 D:\locallwebserver\domains\yii\framework\web\CBaseController.php(181): CBaseController->createWidget('zii.widgets.CLi...', Array)
#3 D:\locallwebserver\domains\yii\protected\views\site\index.php(16): CBaseController->widget('zii.widgets.CLi...', Array)
#4 D:\locallwebserver\domains\yii\framework\web\CBaseController.php(126): require('D:\\locallwebser...')
#5 D:\locallwebserver\domains\yii\framework\web\CBaseController.php(95): CBaseController->renderInternal('D:\\locallwebser...', NULL, true)
#6 D:\locallwebserver\domains\yii\framework\web\CController.php(872): CBaseController->renderFile('D:\\locallwebser...', NULL, true)
#7 D:\locallwebserver\domains\yii\framework\web\CController.php(785): CController->renderPartial('index', NULL, true)
#8 D:\locallwebserver\domains\yii\protected\controllers\SiteController.php(37): CController->render('index')
#9 D:\locallwebserver\domains\yii\framework\web\actions\CInlineAction.php(49): SiteController->actionIndex()
#10 D:\locallwebserver\domains\yii\framework\web\CController.php(308): CInlineAction->runWithParams(Array)
#11 D:\locallwebserver\domains\yii\framework\web\CController.php(286): CController->runAction(Object(CInlineAction))
#12 D:\locallwebserver\domains\yii\framework\web\CController.php(265): CController->runActionWithFilters(Object(CInlineAction), Array)
#13 D:\locallwebserver\domains\yii\framework\web\CWebApplication.php(282): CController->run('')
#14 D:\locallwebserver\domains\yii\framework\web\CWebApplication.php(141): CWebApplication->runController('')
#15 D:\locallwebserver\domains\yii\framework\base\CApplication.php(185): CWebApplication->processRequest()
#16 D:\locallwebserver\domains\yii\index.php(13): CApplication->run()
#17 {main}
REQUEST_URI=/index.php
HTTP_REFERER=http://yii/index.php?r=popups/index
---
2020/08/23 11:19:49 [error] [exception.CException] CException: Свойство "dataProvider" не может быть пустым. in D:\locallwebserver\domains\yii\framework\zii\widgets\CBaseListView.php:123
Stack trace:
#0 D:\locallwebserver\domains\yii\framework\zii\widgets\CListView.php(211): CBaseListView->init()
#1 D:\locallwebserver\domains\yii\framework\web\CBaseController.php(147): CListView->init()
#2 D:\locallwebserver\domains\yii\framework\web\CBaseController.php(181): CBaseController->createWidget('zii.widgets.CLi...', Array)
#3 D:\locallwebserver\domains\yii\protected\views\site\index.php(16): CBaseController->widget('zii.widgets.CLi...', Array)
#4 D:\locallwebserver\domains\yii\framework\web\CBaseController.php(126): require('D:\\locallwebser...')
#5 D:\locallwebserver\domains\yii\framework\web\CBaseController.php(95): CBaseController->renderInternal('D:\\locallwebser...', NULL, true)
#6 D:\locallwebserver\domains\yii\framework\web\CController.php(872): CBaseController->renderFile('D:\\locallwebser...', NULL, true)
#7 D:\locallwebserver\domains\yii\framework\web\CController.php(785): CController->renderPartial('index', NULL, true)
#8 D:\locallwebserver\domains\yii\protected\controllers\SiteController.php(37): CController->render('index')
#9 D:\locallwebserver\domains\yii\framework\web\actions\CInlineAction.php(49): SiteController->actionIndex()
#10 D:\locallwebserver\domains\yii\framework\web\CController.php(308): CInlineAction->runWithParams(Array)
#11 D:\locallwebserver\domains\yii\framework\web\CController.php(286): CController->runAction(Object(CInlineAction))
#12 D:\locallwebserver\domains\yii\framework\web\CController.php(265): CController->runActionWithFilters(Object(CInlineAction), Array)
#13 D:\locallwebserver\domains\yii\framework\web\CWebApplication.php(282): CController->run('')
#14 D:\locallwebserver\domains\yii\framework\web\CWebApplication.php(141): CWebApplication->runController('')
#15 D:\locallwebserver\domains\yii\framework\base\CApplication.php(185): CWebApplication->processRequest()
#16 D:\locallwebserver\domains\yii\index.php(13): CApplication->run()
#17 {main}
REQUEST_URI=/index.php
HTTP_REFERER=http://yii/index.php?r=popups/index
---
2020/08/23 11:19:50 [error] [exception.CException] CException: Свойство "dataProvider" не может быть пустым. in D:\locallwebserver\domains\yii\framework\zii\widgets\CBaseListView.php:123
Stack trace:
#0 D:\locallwebserver\domains\yii\framework\zii\widgets\CListView.php(211): CBaseListView->init()
#1 D:\locallwebserver\domains\yii\framework\web\CBaseController.php(147): CListView->init()
#2 D:\locallwebserver\domains\yii\framework\web\CBaseController.php(181): CBaseController->createWidget('zii.widgets.CLi...', Array)
#3 D:\locallwebserver\domains\yii\protected\views\site\index.php(16): CBaseController->widget('zii.widgets.CLi...', Array)
#4 D:\locallwebserver\domains\yii\framework\web\CBaseController.php(126): require('D:\\locallwebser...')
#5 D:\locallwebserver\domains\yii\framework\web\CBaseController.php(95): CBaseController->renderInternal('D:\\locallwebser...', NULL, true)
#6 D:\locallwebserver\domains\yii\framework\web\CController.php(872): CBaseController->renderFile('D:\\locallwebser...', NULL, true)
#7 D:\locallwebserver\domains\yii\framework\web\CController.php(785): CController->renderPartial('index', NULL, true)
#8 D:\locallwebserver\domains\yii\protected\controllers\SiteController.php(37): CController->render('index')
#9 D:\locallwebserver\domains\yii\framework\web\actions\CInlineAction.php(49): SiteController->actionIndex()
#10 D:\locallwebserver\domains\yii\framework\web\CController.php(308): CInlineAction->runWithParams(Array)
#11 D:\locallwebserver\domains\yii\framework\web\CController.php(286): CController->runAction(Object(CInlineAction))
#12 D:\locallwebserver\domains\yii\framework\web\CController.php(265): CController->runActionWithFilters(Object(CInlineAction), Array)
#13 D:\locallwebserver\domains\yii\framework\web\CWebApplication.php(282): CController->run('')
#14 D:\locallwebserver\domains\yii\framework\web\CWebApplication.php(141): CWebApplication->runController('')
#15 D:\locallwebserver\domains\yii\framework\base\CApplication.php(185): CWebApplication->processRequest()
#16 D:\locallwebserver\domains\yii\index.php(13): CApplication->run()
#17 {main}
REQUEST_URI=/index.php
HTTP_REFERER=http://yii/index.php?r=popups/index
---
2020/08/23 11:19:50 [error] [exception.CException] CException: Свойство "dataProvider" не может быть пустым. in D:\locallwebserver\domains\yii\framework\zii\widgets\CBaseListView.php:123
Stack trace:
#0 D:\locallwebserver\domains\yii\framework\zii\widgets\CListView.php(211): CBaseListView->init()
#1 D:\locallwebserver\domains\yii\framework\web\CBaseController.php(147): CListView->init()
#2 D:\locallwebserver\domains\yii\framework\web\CBaseController.php(181): CBaseController->createWidget('zii.widgets.CLi...', Array)
#3 D:\locallwebserver\domains\yii\protected\views\site\index.php(16): CBaseController->widget('zii.widgets.CLi...', Array)
#4 D:\locallwebserver\domains\yii\framework\web\CBaseController.php(126): require('D:\\locallwebser...')
#5 D:\locallwebserver\domains\yii\framework\web\CBaseController.php(95): CBaseController->renderInternal('D:\\locallwebser...', NULL, true)
#6 D:\locallwebserver\domains\yii\framework\web\CController.php(872): CBaseController->renderFile('D:\\locallwebser...', NULL, true)
#7 D:\locallwebserver\domains\yii\framework\web\CController.php(785): CController->renderPartial('index', NULL, true)
#8 D:\locallwebserver\domains\yii\protected\controllers\SiteController.php(37): CController->render('index')
#9 D:\locallwebserver\domains\yii\framework\web\actions\CInlineAction.php(49): SiteController->actionIndex()
#10 D:\locallwebserver\domains\yii\framework\web\CController.php(308): CInlineAction->runWithParams(Array)
#11 D:\locallwebserver\domains\yii\framework\web\CController.php(286): CController->runAction(Object(CInlineAction))
#12 D:\locallwebserver\domains\yii\framework\web\CController.php(265): CController->runActionWithFilters(Object(CInlineAction), Array)
#13 D:\locallwebserver\domains\yii\framework\web\CWebApplication.php(282): CController->run('')
#14 D:\locallwebserver\domains\yii\framework\web\CWebApplication.php(141): CWebApplication->runController('')
#15 D:\locallwebserver\domains\yii\framework\base\CApplication.php(185): CWebApplication->processRequest()
#16 D:\locallwebserver\domains\yii\index.php(13): CApplication->run()
#17 {main}
REQUEST_URI=/index.php
HTTP_REFERER=http://yii/index.php?r=popups/index
---
2020/08/23 11:20:14 [error] [exception.CException] CException: Свойство "dataProvider" не может быть пустым. in D:\locallwebserver\domains\yii\framework\zii\widgets\CBaseListView.php:123
Stack trace:
#0 D:\locallwebserver\domains\yii\framework\zii\widgets\CListView.php(211): CBaseListView->init()
#1 D:\locallwebserver\domains\yii\framework\web\CBaseController.php(147): CListView->init()
#2 D:\locallwebserver\domains\yii\framework\web\CBaseController.php(181): CBaseController->createWidget('zii.widgets.CLi...', Array)
#3 D:\locallwebserver\domains\yii\protected\views\site\index.php(16): CBaseController->widget('zii.widgets.CLi...', Array)
#4 D:\locallwebserver\domains\yii\framework\web\CBaseController.php(126): require('D:\\locallwebser...')
#5 D:\locallwebserver\domains\yii\framework\web\CBaseController.php(95): CBaseController->renderInternal('D:\\locallwebser...', NULL, true)
#6 D:\locallwebserver\domains\yii\framework\web\CController.php(872): CBaseController->renderFile('D:\\locallwebser...', NULL, true)
#7 D:\locallwebserver\domains\yii\framework\web\CController.php(785): CController->renderPartial('index', NULL, true)
#8 D:\locallwebserver\domains\yii\protected\controllers\SiteController.php(37): CController->render('index')
#9 D:\locallwebserver\domains\yii\framework\web\actions\CInlineAction.php(49): SiteController->actionIndex()
#10 D:\locallwebserver\domains\yii\framework\web\CController.php(308): CInlineAction->runWithParams(Array)
#11 D:\locallwebserver\domains\yii\framework\web\CController.php(286): CController->runAction(Object(CInlineAction))
#12 D:\locallwebserver\domains\yii\framework\web\CController.php(265): CController->runActionWithFilters(Object(CInlineAction), Array)
#13 D:\locallwebserver\domains\yii\framework\web\CWebApplication.php(282): CController->run('')
#14 D:\locallwebserver\domains\yii\framework\web\CWebApplication.php(141): CWebApplication->runController('')
#15 D:\locallwebserver\domains\yii\framework\base\CApplication.php(185): CWebApplication->processRequest()
#16 D:\locallwebserver\domains\yii\index.php(13): CApplication->run()
#17 {main}
REQUEST_URI=/index.php
HTTP_REFERER=http://yii/index.php?r=popups/index
---
2020/08/23 11:20:14 [error] [exception.CException] CException: Свойство "dataProvider" не может быть пустым. in D:\locallwebserver\domains\yii\framework\zii\widgets\CBaseListView.php:123
Stack trace:
#0 D:\locallwebserver\domains\yii\framework\zii\widgets\CListView.php(211): CBaseListView->init()
#1 D:\locallwebserver\domains\yii\framework\web\CBaseController.php(147): CListView->init()
#2 D:\locallwebserver\domains\yii\framework\web\CBaseController.php(181): CBaseController->createWidget('zii.widgets.CLi...', Array)
#3 D:\locallwebserver\domains\yii\protected\views\site\index.php(16): CBaseController->widget('zii.widgets.CLi...', Array)
#4 D:\locallwebserver\domains\yii\framework\web\CBaseController.php(126): require('D:\\locallwebser...')
#5 D:\locallwebserver\domains\yii\framework\web\CBaseController.php(95): CBaseController->renderInternal('D:\\locallwebser...', NULL, true)
#6 D:\locallwebserver\domains\yii\framework\web\CController.php(872): CBaseController->renderFile('D:\\locallwebser...', NULL, true)
#7 D:\locallwebserver\domains\yii\framework\web\CController.php(785): CController->renderPartial('index', NULL, true)
#8 D:\locallwebserver\domains\yii\protected\controllers\SiteController.php(37): CController->render('index')
#9 D:\locallwebserver\domains\yii\framework\web\actions\CInlineAction.php(49): SiteController->actionIndex()
#10 D:\locallwebserver\domains\yii\framework\web\CController.php(308): CInlineAction->runWithParams(Array)
#11 D:\locallwebserver\domains\yii\framework\web\CController.php(286): CController->runAction(Object(CInlineAction))
#12 D:\locallwebserver\domains\yii\framework\web\CController.php(265): CController->runActionWithFilters(Object(CInlineAction), Array)
#13 D:\locallwebserver\domains\yii\framework\web\CWebApplication.php(282): CController->run('')
#14 D:\locallwebserver\domains\yii\framework\web\CWebApplication.php(141): CWebApplication->runController('')
#15 D:\locallwebserver\domains\yii\framework\base\CApplication.php(185): CWebApplication->processRequest()
#16 D:\locallwebserver\domains\yii\index.php(13): CApplication->run()
#17 {main}
REQUEST_URI=/index.php
HTTP_REFERER=http://yii/index.php?r=popups/index
---
2020/08/23 11:21:47 [error] [exception.CException] CException: Свойство "dataProvider" не может быть пустым. in D:\locallwebserver\domains\yii\framework\zii\widgets\CBaseListView.php:123
Stack trace:
#0 D:\locallwebserver\domains\yii\framework\zii\widgets\CListView.php(211): CBaseListView->init()
#1 D:\locallwebserver\domains\yii\framework\web\CBaseController.php(147): CListView->init()
#2 D:\locallwebserver\domains\yii\framework\web\CBaseController.php(181): CBaseController->createWidget('zii.widgets.CLi...', Array)
#3 D:\locallwebserver\domains\yii\protected\views\site\index.php(16): CBaseController->widget('zii.widgets.CLi...', Array)
#4 D:\locallwebserver\domains\yii\framework\web\CBaseController.php(126): require('D:\\locallwebser...')
#5 D:\locallwebserver\domains\yii\framework\web\CBaseController.php(95): CBaseController->renderInternal('D:\\locallwebser...', NULL, true)
#6 D:\locallwebserver\domains\yii\framework\web\CController.php(872): CBaseController->renderFile('D:\\locallwebser...', NULL, true)
#7 D:\locallwebserver\domains\yii\framework\web\CController.php(785): CController->renderPartial('index', NULL, true)
#8 D:\locallwebserver\domains\yii\protected\controllers\SiteController.php(37): CController->render('index')
#9 D:\locallwebserver\domains\yii\framework\web\actions\CInlineAction.php(49): SiteController->actionIndex()
#10 D:\locallwebserver\domains\yii\framework\web\CController.php(308): CInlineAction->runWithParams(Array)
#11 D:\locallwebserver\domains\yii\framework\web\CController.php(286): CController->runAction(Object(CInlineAction))
#12 D:\locallwebserver\domains\yii\framework\web\CController.php(265): CController->runActionWithFilters(Object(CInlineAction), Array)
#13 D:\locallwebserver\domains\yii\framework\web\CWebApplication.php(282): CController->run('')
#14 D:\locallwebserver\domains\yii\framework\web\CWebApplication.php(141): CWebApplication->runController('')
#15 D:\locallwebserver\domains\yii\framework\base\CApplication.php(185): CWebApplication->processRequest()
#16 D:\locallwebserver\domains\yii\index.php(13): CApplication->run()
#17 {main}
REQUEST_URI=/index.php
HTTP_REFERER=http://yii/index.php?r=popups/index
---
2020/08/23 11:21:48 [error] [exception.CException] CException: Свойство "dataProvider" не может быть пустым. in D:\locallwebserver\domains\yii\framework\zii\widgets\CBaseListView.php:123
Stack trace:
#0 D:\locallwebserver\domains\yii\framework\zii\widgets\CListView.php(211): CBaseListView->init()
#1 D:\locallwebserver\domains\yii\framework\web\CBaseController.php(147): CListView->init()
#2 D:\locallwebserver\domains\yii\framework\web\CBaseController.php(181): CBaseController->createWidget('zii.widgets.CLi...', Array)
#3 D:\locallwebserver\domains\yii\protected\views\site\index.php(16): CBaseController->widget('zii.widgets.CLi...', Array)
#4 D:\locallwebserver\domains\yii\framework\web\CBaseController.php(126): require('D:\\locallwebser...')
#5 D:\locallwebserver\domains\yii\framework\web\CBaseController.php(95): CBaseController->renderInternal('D:\\locallwebser...', NULL, true)
#6 D:\locallwebserver\domains\yii\framework\web\CController.php(872): CBaseController->renderFile('D:\\locallwebser...', NULL, true)
#7 D:\locallwebserver\domains\yii\framework\web\CController.php(785): CController->renderPartial('index', NULL, true)
#8 D:\locallwebserver\domains\yii\protected\controllers\SiteController.php(37): CController->render('index')
#9 D:\locallwebserver\domains\yii\framework\web\actions\CInlineAction.php(49): SiteController->actionIndex()
#10 D:\locallwebserver\domains\yii\framework\web\CController.php(308): CInlineAction->runWithParams(Array)
#11 D:\locallwebserver\domains\yii\framework\web\CController.php(286): CController->runAction(Object(CInlineAction))
#12 D:\locallwebserver\domains\yii\framework\web\CController.php(265): CController->runActionWithFilters(Object(CInlineAction), Array)
#13 D:\locallwebserver\domains\yii\framework\web\CWebApplication.php(282): CController->run('')
#14 D:\locallwebserver\domains\yii\framework\web\CWebApplication.php(141): CWebApplication->runController('')
#15 D:\locallwebserver\domains\yii\framework\base\CApplication.php(185): CWebApplication->processRequest()
#16 D:\locallwebserver\domains\yii\index.php(13): CApplication->run()
#17 {main}
REQUEST_URI=/index.php
HTTP_REFERER=http://yii/index.php?r=popups/index
---
2020/08/23 11:21:49 [error] [exception.CException] CException: Свойство "dataProvider" не может быть пустым. in D:\locallwebserver\domains\yii\framework\zii\widgets\CBaseListView.php:123
Stack trace:
#0 D:\locallwebserver\domains\yii\framework\zii\widgets\CListView.php(211): CBaseListView->init()
#1 D:\locallwebserver\domains\yii\framework\web\CBaseController.php(147): CListView->init()
#2 D:\locallwebserver\domains\yii\framework\web\CBaseController.php(181): CBaseController->createWidget('zii.widgets.CLi...', Array)
#3 D:\locallwebserver\domains\yii\protected\views\site\index.php(16): CBaseController->widget('zii.widgets.CLi...', Array)
#4 D:\locallwebserver\domains\yii\framework\web\CBaseController.php(126): require('D:\\locallwebser...')
#5 D:\locallwebserver\domains\yii\framework\web\CBaseController.php(95): CBaseController->renderInternal('D:\\locallwebser...', NULL, true)
#6 D:\locallwebserver\domains\yii\framework\web\CController.php(872): CBaseController->renderFile('D:\\locallwebser...', NULL, true)
#7 D:\locallwebserver\domains\yii\framework\web\CController.php(785): CController->renderPartial('index', NULL, true)
#8 D:\locallwebserver\domains\yii\protected\controllers\SiteController.php(37): CController->render('index')
#9 D:\locallwebserver\domains\yii\framework\web\actions\CInlineAction.php(49): SiteController->actionIndex()
#10 D:\locallwebserver\domains\yii\framework\web\CController.php(308): CInlineAction->runWithParams(Array)
#11 D:\locallwebserver\domains\yii\framework\web\CController.php(286): CController->runAction(Object(CInlineAction))
#12 D:\locallwebserver\domains\yii\framework\web\CController.php(265): CController->runActionWithFilters(Object(CInlineAction), Array)
#13 D:\locallwebserver\domains\yii\framework\web\CWebApplication.php(282): CController->run('')
#14 D:\locallwebserver\domains\yii\framework\web\CWebApplication.php(141): CWebApplication->runController('')
#15 D:\locallwebserver\domains\yii\framework\base\CApplication.php(185): CWebApplication->processRequest()
#16 D:\locallwebserver\domains\yii\index.php(13): CApplication->run()
#17 {main}
REQUEST_URI=/index.php
HTTP_REFERER=http://yii/index.php?r=popups/index
---
2020/08/23 11:21:50 [error] [exception.CException] CException: Свойство "dataProvider" не может быть пустым. in D:\locallwebserver\domains\yii\framework\zii\widgets\CBaseListView.php:123
Stack trace:
#0 D:\locallwebserver\domains\yii\framework\zii\widgets\CListView.php(211): CBaseListView->init()
#1 D:\locallwebserver\domains\yii\framework\web\CBaseController.php(147): CListView->init()
#2 D:\locallwebserver\domains\yii\framework\web\CBaseController.php(181): CBaseController->createWidget('zii.widgets.CLi...', Array)
#3 D:\locallwebserver\domains\yii\protected\views\site\index.php(16): CBaseController->widget('zii.widgets.CLi...', Array)
#4 D:\locallwebserver\domains\yii\framework\web\CBaseController.php(126): require('D:\\locallwebser...')
#5 D:\locallwebserver\domains\yii\framework\web\CBaseController.php(95): CBaseController->renderInternal('D:\\locallwebser...', NULL, true)
#6 D:\locallwebserver\domains\yii\framework\web\CController.php(872): CBaseController->renderFile('D:\\locallwebser...', NULL, true)
#7 D:\locallwebserver\domains\yii\framework\web\CController.php(785): CController->renderPartial('index', NULL, true)
#8 D:\locallwebserver\domains\yii\protected\controllers\SiteController.php(37): CController->render('index')
#9 D:\locallwebserver\domains\yii\framework\web\actions\CInlineAction.php(49): SiteController->actionIndex()
#10 D:\locallwebserver\domains\yii\framework\web\CController.php(308): CInlineAction->runWithParams(Array)
#11 D:\locallwebserver\domains\yii\framework\web\CController.php(286): CController->runAction(Object(CInlineAction))
#12 D:\locallwebserver\domains\yii\framework\web\CController.php(265): CController->runActionWithFilters(Object(CInlineAction), Array)
#13 D:\locallwebserver\domains\yii\framework\web\CWebApplication.php(282): CController->run('')
#14 D:\locallwebserver\domains\yii\framework\web\CWebApplication.php(141): CWebApplication->runController('')
#15 D:\locallwebserver\domains\yii\framework\base\CApplication.php(185): CWebApplication->processRequest()
#16 D:\locallwebserver\domains\yii\index.php(13): CApplication->run()
#17 {main}
REQUEST_URI=/index.php
HTTP_REFERER=http://yii/index.php?r=popups/index
---
2020/08/23 11:23:14 [error] [exception.CException] CException: Свойство "dataProvider" не может быть пустым. in D:\locallwebserver\domains\yii\framework\zii\widgets\CBaseListView.php:123
Stack trace:
#0 D:\locallwebserver\domains\yii\framework\zii\widgets\CListView.php(211): CBaseListView->init()
#1 D:\locallwebserver\domains\yii\framework\web\CBaseController.php(147): CListView->init()
#2 D:\locallwebserver\domains\yii\framework\web\CBaseController.php(181): CBaseController->createWidget('zii.widgets.CLi...', Array)
#3 D:\locallwebserver\domains\yii\protected\views\site\index.php(16): CBaseController->widget('zii.widgets.CLi...', Array)
#4 D:\locallwebserver\domains\yii\framework\web\CBaseController.php(126): require('D:\\locallwebser...')
#5 D:\locallwebserver\domains\yii\framework\web\CBaseController.php(95): CBaseController->renderInternal('D:\\locallwebser...', NULL, true)
#6 D:\locallwebserver\domains\yii\framework\web\CController.php(872): CBaseController->renderFile('D:\\locallwebser...', NULL, true)
#7 D:\locallwebserver\domains\yii\framework\web\CController.php(785): CController->renderPartial('index', NULL, true)
#8 D:\locallwebserver\domains\yii\protected\controllers\SiteController.php(37): CController->render('index')
#9 D:\locallwebserver\domains\yii\framework\web\actions\CInlineAction.php(49): SiteController->actionIndex()
#10 D:\locallwebserver\domains\yii\framework\web\CController.php(308): CInlineAction->runWithParams(Array)
#11 D:\locallwebserver\domains\yii\framework\web\CController.php(286): CController->runAction(Object(CInlineAction))
#12 D:\locallwebserver\domains\yii\framework\web\CController.php(265): CController->runActionWithFilters(Object(CInlineAction), Array)
#13 D:\locallwebserver\domains\yii\framework\web\CWebApplication.php(282): CController->run('')
#14 D:\locallwebserver\domains\yii\framework\web\CWebApplication.php(141): CWebApplication->runController('')
#15 D:\locallwebserver\domains\yii\framework\base\CApplication.php(185): CWebApplication->processRequest()
#16 D:\locallwebserver\domains\yii\index.php(13): CApplication->run()
#17 {main}
REQUEST_URI=/index.php
HTTP_REFERER=http://yii/index.php?r=popups/index
---
2020/08/23 11:45:22 [error] [exception.CHttpException.404] CHttpException: Системе не удалось найти запрашиваемое действие "indexview". in D:\locallwebserver\domains\yii\framework\web\CController.php:486
Stack trace:
#0 D:\locallwebserver\domains\yii\framework\web\CController.php(270): CController->missingAction('indexview')
#1 D:\locallwebserver\domains\yii\framework\web\CWebApplication.php(282): CController->run('indexview')
#2 D:\locallwebserver\domains\yii\framework\web\CWebApplication.php(141): CWebApplication->runController('popups/indexvie...')
#3 D:\locallwebserver\domains\yii\framework\base\CApplication.php(185): CWebApplication->processRequest()
#4 D:\locallwebserver\domains\yii\index.php(13): CApplication->run()
#5 {main}
REQUEST_URI=/index.php?r=popups/indexview&id=1
HTTP_REFERER=http://yii/index.php?r=popups/index
---
2020/08/23 11:45:32 [error] [exception.CHttpException.404] CHttpException: Системе не удалось найти запрашиваемое действие "indexview". in D:\locallwebserver\domains\yii\framework\web\CController.php:486
Stack trace:
#0 D:\locallwebserver\domains\yii\framework\web\CController.php(270): CController->missingAction('indexview')
#1 D:\locallwebserver\domains\yii\framework\web\CWebApplication.php(282): CController->run('indexview')
#2 D:\locallwebserver\domains\yii\framework\web\CWebApplication.php(141): CWebApplication->runController('popups/indexvie...')
#3 D:\locallwebserver\domains\yii\framework\base\CApplication.php(185): CWebApplication->processRequest()
#4 D:\locallwebserver\domains\yii\index.php(13): CApplication->run()
#5 {main}
REQUEST_URI=/index.php?r=popups/indexview&id=1
HTTP_REFERER=http://yii/index.php?r=popups/index
---
2020/08/23 16:05:34 [error] [php] Illegal string offset 'required' (D:\locallwebserver\domains\yii\framework\web\helpers\CHtml.php:1520)
Stack trace:
#0 D:\locallwebserver\domains\yii\framework\web\CBaseController.php(126): require()
#1 D:\locallwebserver\domains\yii\framework\web\CBaseController.php(95): SiteController->renderInternal()
#2 D:\locallwebserver\domains\yii\framework\web\CController.php(872): SiteController->renderFile()
#3 D:\locallwebserver\domains\yii\framework\web\CController.php(785): SiteController->renderPartial()
#4 D:\locallwebserver\domains\yii\protected\controllers\SiteController.php(108): SiteController->render()
#5 D:\locallwebserver\domains\yii\framework\web\actions\CInlineAction.php(49): SiteController->actionLogin()
#6 D:\locallwebserver\domains\yii\framework\web\CController.php(308): CInlineAction->runWithParams()
#7 D:\locallwebserver\domains\yii\framework\web\CController.php(286): SiteController->runAction()
#8 D:\locallwebserver\domains\yii\framework\web\CController.php(265): SiteController->runActionWithFilters()
#9 D:\locallwebserver\domains\yii\framework\web\CWebApplication.php(282): SiteController->run()
#10 D:\locallwebserver\domains\yii\framework\web\CWebApplication.php(141): CWebApplication->runController()
#11 D:\locallwebserver\domains\yii\framework\base\CApplication.php(185): CWebApplication->processRequest()
#12 D:\locallwebserver\domains\yii\index.php(13): CWebApplication->run()
REQUEST_URI=/index.php?r=site/login
in D:\locallwebserver\domains\yii\protected\views\site\login.php (28)
in D:\locallwebserver\domains\yii\protected\controllers\SiteController.php (108)
in D:\locallwebserver\domains\yii\index.php (13)
2020/08/23 16:05:35 [error] [php] Illegal string offset 'required' (D:\locallwebserver\domains\yii\framework\web\helpers\CHtml.php:1520)
Stack trace:
#0 D:\locallwebserver\domains\yii\framework\web\CBaseController.php(126): require()
#1 D:\locallwebserver\domains\yii\framework\web\CBaseController.php(95): SiteController->renderInternal()
#2 D:\locallwebserver\domains\yii\framework\web\CController.php(872): SiteController->renderFile()
#3 D:\locallwebserver\domains\yii\framework\web\CController.php(785): SiteController->renderPartial()
#4 D:\locallwebserver\domains\yii\protected\controllers\SiteController.php(108): SiteController->render()
#5 D:\locallwebserver\domains\yii\framework\web\actions\CInlineAction.php(49): SiteController->actionLogin()
#6 D:\locallwebserver\domains\yii\framework\web\CController.php(308): CInlineAction->runWithParams()
#7 D:\locallwebserver\domains\yii\framework\web\CController.php(286): SiteController->runAction()
#8 D:\locallwebserver\domains\yii\framework\web\CController.php(265): SiteController->runActionWithFilters()
#9 D:\locallwebserver\domains\yii\framework\web\CWebApplication.php(282): SiteController->run()
#10 D:\locallwebserver\domains\yii\framework\web\CWebApplication.php(141): CWebApplication->runController()
#11 D:\locallwebserver\domains\yii\framework\base\CApplication.php(185): CWebApplication->processRequest()
#12 D:\locallwebserver\domains\yii\index.php(13): CWebApplication->run()
REQUEST_URI=/index.php?r=site/login
in D:\locallwebserver\domains\yii\protected\views\site\login.php (28)
in D:\locallwebserver\domains\yii\protected\controllers\SiteController.php (108)
in D:\locallwebserver\domains\yii\index.php (13)
2020/08/23 16:17:23 [error] [exception.ParseError] ParseError: syntax error, unexpected '}', expecting end of file in D:\locallwebserver\domains\yii\protected\views\popups\view.php:24
Stack trace:
#0 D:\locallwebserver\domains\yii\framework\web\CBaseController.php(95): CBaseController->renderInternal('D:\\locallwebser...', Array, true)
#1 D:\locallwebserver\domains\yii\framework\web\CController.php(872): CBaseController->renderFile('D:\\locallwebser...', Array, true)
#2 D:\locallwebserver\domains\yii\framework\web\CController.php(785): CController->renderPartial('view', Array, true)
#3 D:\locallwebserver\domains\yii\protected\controllers\PopupsController.php(55): CController->render('view', Array)
#4 [internal function]: PopupsController->actionView('3')
#5 D:\locallwebserver\domains\yii\framework\web\actions\CAction.php(115): ReflectionMethod->invokeArgs(Object(PopupsController), Array)
#6 D:\locallwebserver\domains\yii\framework\web\actions\CInlineAction.php(47): CAction->runWithParamsInternal(Object(PopupsController), Object(ReflectionMethod), Array)
#7 D:\locallwebserver\domains\yii\framework\web\CController.php(308): CInlineAction->runWithParams(Array)
#8 D:\locallwebserver\domains\yii\framework\web\filters\CFilterChain.php(134): CController->runAction(Object(CInlineAction))
#9 D:\locallwebserver\domains\yii\framework\web\filters\CFilter.php(40): CFilterChain->run()
#10 D:\locallwebserver\domains\yii\framework\web\CController.php(1148): CFilter->filter(Object(CFilterChain))
#11 D:\locallwebserver\domains\yii\framework\web\filters\CInlineFilter.php(58): CController->filterAccessControl(Object(CFilterChain))
#12 D:\locallwebserver\domains\yii\framework\web\filters\CFilterChain.php(131): CInlineFilter->filter(Object(CFilterChain))
#13 D:\locallwebserver\domains\yii\framework\web\CController.php(291): CFilterChain->run()
#14 D:\locallwebserver\domains\yii\framework\web\CController.php(265): CController->runActionWithFilters(Object(CInlineAction), Array)
#15 D:\locallwebserver\domains\yii\framework\web\CWebApplication.php(282): CController->run('view')
#16 D:\locallwebserver\domains\yii\framework\web\CWebApplication.php(141): CWebApplication->runController('popups/view')
#17 D:\locallwebserver\domains\yii\framework\base\CApplication.php(185): CWebApplication->processRequest()
#18 D:\locallwebserver\domains\yii\index.php(13): CApplication->run()
#19 {main}
REQUEST_URI=/index.php?r=popups/view&id=3
HTTP_REFERER=http://yii/index.php?r=popups/create
---
2020/08/24 16:52:19 [error] [exception.CDbException] exception 'CDbException' with message 'CDbConnection failed to open the DB connection: SQLSTATE[28000] [1045] Access denied for user 'test'@'localhost' (using password: YES)' in /home/s/spbromanov/test2_detskiypsy_ru/public_html/framework/db/CDbConnection.php:399
Stack trace:
#0 /home/s/spbromanov/test2_detskiypsy_ru/public_html/framework/db/CDbConnection.php(347): CDbConnection->open()
#1 /home/s/spbromanov/test2_detskiypsy_ru/public_html/framework/db/CDbConnection.php(325): CDbConnection->setActive(true)
#2 /home/s/spbromanov/test2_detskiypsy_ru/public_html/framework/base/CModule.php(394): CDbConnection->init()
#3 /home/s/spbromanov/test2_detskiypsy_ru/public_html/framework/cli/commands/MigrateCommand.php(472): CModule->getComponent('db')
#4 /home/s/spbromanov/test2_detskiypsy_ru/public_html/framework/cli/commands/MigrateCommand.php(481): MigrateCommand->getDbConnection()
#5 /home/s/spbromanov/test2_detskiypsy_ru/public_html/framework/cli/commands/MigrateCommand.php(512): MigrateCommand->getMigrationHistory(-1)
#6 /home/s/spbromanov/test2_detskiypsy_ru/public_html/framework/cli/commands/MigrateCommand.php(84): MigrateCommand->getNewMigrations()
#7 [internal function]: MigrateCommand->actionUp(Array)
#8 /home/s/spbromanov/test2_detskiypsy_ru/public_html/framework/console/CConsoleCommand.php(178): ReflectionMethod->invokeArgs(Object(MigrateCommand), Array)
#9 /home/s/spbromanov/test2_detskiypsy_ru/public_html/framework/console/CConsoleCommandRunner.php(71): CConsoleCommand->run(Array)
#10 /home/s/spbromanov/test2_detskiypsy_ru/public_html/framework/console/CConsoleApplication.php(92): CConsoleCommandRunner->run(Array)
#11 /home/s/spbromanov/test2_detskiypsy_ru/public_html/framework/base/CApplication.php(185): CConsoleApplication->processRequest()
#12 /home/s/spbromanov/test2_detskiypsy_ru/public_html/framework/yiic.php(33): CApplication->run()
#13 /home/s/spbromanov/test2_detskiypsy_ru/public_html/protected/yiic.php(7): require_once('/home/s/spbroma...')
#14 /home/s/spbromanov/test2_detskiypsy_ru/public_html/protected/yiic(4): require_once('/home/s/spbroma...')
#15 {main}
---
2020/08/24 16:54:16 [error] [exception.CDbException] exception 'CDbException' with message 'CDbConnection failed to open the DB connection: SQLSTATE[28000] [1045] Access denied for user 'test'@'localhost' (using password: YES)' in /home/s/spbromanov/test2_detskiypsy_ru/public_html/framework/db/CDbConnection.php:399
Stack trace:
#0 /home/s/spbromanov/test2_detskiypsy_ru/public_html/framework/db/CDbConnection.php(347): CDbConnection->open()
#1 /home/s/spbromanov/test2_detskiypsy_ru/public_html/framework/db/CDbConnection.php(325): CDbConnection->setActive(true)
#2 /home/s/spbromanov/test2_detskiypsy_ru/public_html/framework/base/CModule.php(394): CDbConnection->init()
#3 /home/s/spbromanov/test2_detskiypsy_ru/public_html/framework/cli/commands/MigrateCommand.php(472): CModule->getComponent('db')
#4 /home/s/spbromanov/test2_detskiypsy_ru/public_html/framework/cli/commands/MigrateCommand.php(481): MigrateCommand->getDbConnection()
#5 /home/s/spbromanov/test2_detskiypsy_ru/public_html/framework/cli/commands/MigrateCommand.php(512): MigrateCommand->getMigrationHistory(-1)
#6 /home/s/spbromanov/test2_detskiypsy_ru/public_html/framework/cli/commands/MigrateCommand.php(84): MigrateCommand->getNewMigrations()
#7 [internal function]: MigrateCommand->actionUp(Array)
#8 /home/s/spbromanov/test2_detskiypsy_ru/public_html/framework/console/CConsoleCommand.php(178): ReflectionMethod->invokeArgs(Object(MigrateCommand), Array)
#9 /home/s/spbromanov/test2_detskiypsy_ru/public_html/framework/console/CConsoleCommandRunner.php(71): CConsoleCommand->run(Array)
#10 /home/s/spbromanov/test2_detskiypsy_ru/public_html/framework/console/CConsoleApplication.php(92): CConsoleCommandRunner->run(Array)
#11 /home/s/spbromanov/test2_detskiypsy_ru/public_html/framework/base/CApplication.php(185): CConsoleApplication->processRequest()
#12 /home/s/spbromanov/test2_detskiypsy_ru/public_html/framework/yiic.php(33): CApplication->run()
#13 /home/s/spbromanov/test2_detskiypsy_ru/public_html/protected/yiic.php(7): require_once('/home/s/spbroma...')
#14 /home/s/spbromanov/test2_detskiypsy_ru/public_html/protected/yiic(4): require_once('/home/s/spbroma...')
#15 {main}
---
2020/08/24 16:55:58 [error] [system.db.CDbCommand] CDbCommand::fetchAll() failed: SQLSTATE[42S02]: Base table or view not found: 1146 Table 'spbromanov_test2.tbl_migration' doesn't exist. The SQL statement executed was: SHOW FULL COLUMNS FROM `tbl_migration`.
2020/08/24 16:56:36 [error] [php] Undefined variable: data (/home/s/spbromanov/test2_detskiypsy_ru/public_html/protected/controllers/PopupsController.php:131)
Stack trace:
#0 /home/s/spbromanov/test2_detskiypsy_ru/public_html/framework/web/filters/CFilterChain.php(134): PopupsController->runAction()
#1 /home/s/spbromanov/test2_detskiypsy_ru/public_html/framework/web/filters/CFilter.php(40): CFilterChain->run()
#2 /home/s/spbromanov/test2_detskiypsy_ru/public_html/framework/web/CController.php(1148): CAccessControlFilter->filter()
#3 /home/s/spbromanov/test2_detskiypsy_ru/public_html/framework/web/filters/CInlineFilter.php(58): PopupsController->filterAccessControl()
#4 /home/s/spbromanov/test2_detskiypsy_ru/public_html/framework/web/filters/CFilterChain.php(131): CInlineFilter->filter()
#5 /home/s/spbromanov/test2_detskiypsy_ru/public_html/framework/web/CController.php(291): CFilterChain->run()
#6 /home/s/spbromanov/test2_detskiypsy_ru/public_html/framework/web/CController.php(265): PopupsController->runActionWithFilters()
#7 /home/s/spbromanov/test2_detskiypsy_ru/public_html/framework/web/CWebApplication.php(282): PopupsController->run()
#8 /home/s/spbromanov/test2_detskiypsy_ru/public_html/framework/web/CWebApplication.php(141): CWebApplication->runController()
#9 /home/s/spbromanov/test2_detskiypsy_ru/public_html/framework/base/CApplication.php(185): CWebApplication->processRequest()
#10 /home/s/spbromanov/test2_detskiypsy_ru/public_html/index.php(13): CWebApplication->run()
REQUEST_URI=/index.php?r=popups/index
in /home/s/spbromanov/test2_detskiypsy_ru/public_html/protected/controllers/PopupsController.php (131)
in /home/s/spbromanov/test2_detskiypsy_ru/public_html/index.php (13)
2020/08/24 16:57:11 [error] [php] Undefined variable: data (/home/s/spbromanov/test2_detskiypsy_ru/public_html/protected/controllers/PopupsController.php:131)
Stack trace:
#0 /home/s/spbromanov/test2_detskiypsy_ru/public_html/framework/web/filters/CFilterChain.php(134): PopupsController->runAction()
#1 /home/s/spbromanov/test2_detskiypsy_ru/public_html/framework/web/filters/CFilter.php(40): CFilterChain->run()
#2 /home/s/spbromanov/test2_detskiypsy_ru/public_html/framework/web/CController.php(1148): CAccessControlFilter->filter()
#3 /home/s/spbromanov/test2_detskiypsy_ru/public_html/framework/web/filters/CInlineFilter.php(58): PopupsController->filterAccessControl()
#4 /home/s/spbromanov/test2_detskiypsy_ru/public_html/framework/web/filters/CFilterChain.php(131): CInlineFilter->filter()
#5 /home/s/spbromanov/test2_detskiypsy_ru/public_html/framework/web/CController.php(291): CFilterChain->run()
#6 /home/s/spbromanov/test2_detskiypsy_ru/public_html/framework/web/CController.php(265): PopupsController->runActionWithFilters()
#7 /home/s/spbromanov/test2_detskiypsy_ru/public_html/framework/web/CWebApplication.php(282): PopupsController->run()
#8 /home/s/spbromanov/test2_detskiypsy_ru/public_html/framework/web/CWebApplication.php(141): CWebApplication->runController()
#9 /home/s/spbromanov/test2_detskiypsy_ru/public_html/framework/base/CApplication.php(185): CWebApplication->processRequest()
#10 /home/s/spbromanov/test2_detskiypsy_ru/public_html/index.php(13): CWebApplication->run()
REQUEST_URI=/index.php?r=popups/index
in /home/s/spbromanov/test2_detskiypsy_ru/public_html/protected/controllers/PopupsController.php (131)
in /home/s/spbromanov/test2_detskiypsy_ru/public_html/index.php (13)
2020/08/24 16:59:33 [error] [php] Undefined variable: data (/home/s/spbromanov/test2_detskiypsy_ru/public_html/protected/controllers/PopupsController.php:131)
Stack trace:
#0 /home/s/spbromanov/test2_detskiypsy_ru/public_html/framework/web/filters/CFilterChain.php(134): PopupsController->runAction()
#1 /home/s/spbromanov/test2_detskiypsy_ru/public_html/framework/web/filters/CFilter.php(40): CFilterChain->run()
#2 /home/s/spbromanov/test2_detskiypsy_ru/public_html/framework/web/CController.php(1148): CAccessControlFilter->filter()
#3 /home/s/spbromanov/test2_detskiypsy_ru/public_html/framework/web/filters/CInlineFilter.php(58): PopupsController->filterAccessControl()
#4 /home/s/spbromanov/test2_detskiypsy_ru/public_html/framework/web/filters/CFilterChain.php(131): CInlineFilter->filter()
#5 /home/s/spbromanov/test2_detskiypsy_ru/public_html/framework/web/CController.php(291): CFilterChain->run()
#6 /home/s/spbromanov/test2_detskiypsy_ru/public_html/framework/web/CController.php(265): PopupsController->runActionWithFilters()
#7 /home/s/spbromanov/test2_detskiypsy_ru/public_html/framework/web/CWebApplication.php(282): PopupsController->run()
#8 /home/s/spbromanov/test2_detskiypsy_ru/public_html/framework/web/CWebApplication.php(141): CWebApplication->runController()
#9 /home/s/spbromanov/test2_detskiypsy_ru/public_html/framework/base/CApplication.php(185): CWebApplication->processRequest()
#10 /home/s/spbromanov/test2_detskiypsy_ru/public_html/index.php(13): CWebApplication->run()
REQUEST_URI=/index.php?r=popups/index
in /home/s/spbromanov/test2_detskiypsy_ru/public_html/protected/controllers/PopupsController.php (131)
in /home/s/spbromanov/test2_detskiypsy_ru/public_html/index.php (13)
2020/08/24 16:59:35 [error] [php] Undefined variable: data (/home/s/spbromanov/test2_detskiypsy_ru/public_html/protected/controllers/PopupsController.php:131)
Stack trace:
#0 /home/s/spbromanov/test2_detskiypsy_ru/public_html/framework/web/filters/CFilterChain.php(134): PopupsController->runAction()
#1 /home/s/spbromanov/test2_detskiypsy_ru/public_html/framework/web/filters/CFilter.php(40): CFilterChain->run()
#2 /home/s/spbromanov/test2_detskiypsy_ru/public_html/framework/web/CController.php(1148): CAccessControlFilter->filter()
#3 /home/s/spbromanov/test2_detskiypsy_ru/public_html/framework/web/filters/CInlineFilter.php(58): PopupsController->filterAccessControl()
#4 /home/s/spbromanov/test2_detskiypsy_ru/public_html/framework/web/filters/CFilterChain.php(131): CInlineFilter->filter()
#5 /home/s/spbromanov/test2_detskiypsy_ru/public_html/framework/web/CController.php(291): CFilterChain->run()
#6 /home/s/spbromanov/test2_detskiypsy_ru/public_html/framework/web/CController.php(265): PopupsController->runActionWithFilters()
#7 /home/s/spbromanov/test2_detskiypsy_ru/public_html/framework/web/CWebApplication.php(282): PopupsController->run()
#8 /home/s/spbromanov/test2_detskiypsy_ru/public_html/framework/web/CWebApplication.php(141): CWebApplication->runController()
#9 /home/s/spbromanov/test2_detskiypsy_ru/public_html/framework/base/CApplication.php(185): CWebApplication->processRequest()
#10 /home/s/spbromanov/test2_detskiypsy_ru/public_html/index.php(13): CWebApplication->run()
REQUEST_URI=/index.php?r=popups/index
in /home/s/spbromanov/test2_detskiypsy_ru/public_html/protected/controllers/PopupsController.php (131)
in /home/s/spbromanov/test2_detskiypsy_ru/public_html/index.php (13)
2020/08/24 16:59:36 [error] [php] Undefined variable: data (/home/s/spbromanov/test2_detskiypsy_ru/public_html/protected/controllers/PopupsController.php:131)
Stack trace:
#0 /home/s/spbromanov/test2_detskiypsy_ru/public_html/framework/web/filters/CFilterChain.php(134): PopupsController->runAction()
#1 /home/s/spbromanov/test2_detskiypsy_ru/public_html/framework/web/filters/CFilter.php(40): CFilterChain->run()
#2 /home/s/spbromanov/test2_detskiypsy_ru/public_html/framework/web/CController.php(1148): CAccessControlFilter->filter()
#3 /home/s/spbromanov/test2_detskiypsy_ru/public_html/framework/web/filters/CInlineFilter.php(58): PopupsController->filterAccessControl()
#4 /home/s/spbromanov/test2_detskiypsy_ru/public_html/framework/web/filters/CFilterChain.php(131): CInlineFilter->filter()
#5 /home/s/spbromanov/test2_detskiypsy_ru/public_html/framework/web/CController.php(291): CFilterChain->run()
#6 /home/s/spbromanov/test2_detskiypsy_ru/public_html/framework/web/CController.php(265): PopupsController->runActionWithFilters()
#7 /home/s/spbromanov/test2_detskiypsy_ru/public_html/framework/web/CWebApplication.php(282): PopupsController->run()
#8 /home/s/spbromanov/test2_detskiypsy_ru/public_html/framework/web/CWebApplication.php(141): CWebApplication->runController()
#9 /home/s/spbromanov/test2_detskiypsy_ru/public_html/framework/base/CApplication.php(185): CWebApplication->processRequest()
#10 /home/s/spbromanov/test2_detskiypsy_ru/public_html/index.php(13): CWebApplication->run()
REQUEST_URI=/index.php?r=popups/index
in /home/s/spbromanov/test2_detskiypsy_ru/public_html/protected/controllers/PopupsController.php (131)
in /home/s/spbromanov/test2_detskiypsy_ru/public_html/index.php (13)
2020/08/24 16:59:50 [error] [php] Undefined variable: data (/home/s/spbromanov/test2_detskiypsy_ru/public_html/protected/controllers/PopupsController.php:131)
Stack trace:
#0 /home/s/spbromanov/test2_detskiypsy_ru/public_html/framework/web/filters/CFilterChain.php(134): PopupsController->runAction()
#1 /home/s/spbromanov/test2_detskiypsy_ru/public_html/framework/web/filters/CFilter.php(40): CFilterChain->run()
#2 /home/s/spbromanov/test2_detskiypsy_ru/public_html/framework/web/CController.php(1148): CAccessControlFilter->filter()
#3 /home/s/spbromanov/test2_detskiypsy_ru/public_html/framework/web/filters/CInlineFilter.php(58): PopupsController->filterAccessControl()
#4 /home/s/spbromanov/test2_detskiypsy_ru/public_html/framework/web/filters/CFilterChain.php(131): CInlineFilter->filter()
#5 /home/s/spbromanov/test2_detskiypsy_ru/public_html/framework/web/CController.php(291): CFilterChain->run()
#6 /home/s/spbromanov/test2_detskiypsy_ru/public_html/framework/web/CController.php(265): PopupsController->runActionWithFilters()
#7 /home/s/spbromanov/test2_detskiypsy_ru/public_html/framework/web/CWebApplication.php(282): PopupsController->run()
#8 /home/s/spbromanov/test2_detskiypsy_ru/public_html/framework/web/CWebApplication.php(141): CWebApplication->runController()
#9 /home/s/spbromanov/test2_detskiypsy_ru/public_html/framework/base/CApplication.php(185): CWebApplication->processRequest()
#10 /home/s/spbromanov/test2_detskiypsy_ru/public_html/index.php(13): CWebApplication->run()
REQUEST_URI=/index.php?r=popups/index
in /home/s/spbromanov/test2_detskiypsy_ru/public_html/protected/controllers/PopupsController.php (131)
in /home/s/spbromanov/test2_detskiypsy_ru/public_html/index.php (13)
